2022-09-23 14:29:54 | [INFO]    | Discordia 2.9.2
2022-09-23 14:29:54 | [INFO]    | Connecting to Discord...
2022-09-23 14:29:54 | [INFO]    | Authenticated as Ink#3645
2022-09-23 14:29:55 | [INFO]    | Launching shard 0 (1 out of 1)...
2022-09-23 14:29:55 | [INFO]    | Shard 0 : Connected to wss://gateway.discord.gg
2022-09-23 14:29:55 | [INFO]    | Shard 0 : Received HELLO
2022-09-23 14:29:55 | [INFO]    | Shard 0 : Received READY
2022-09-23 14:33:09 | [INFO]    | Discordia 2.9.2
2022-09-23 14:33:09 | [INFO]    | Connecting to Discord...
2022-09-23 14:33:09 | [INFO]    | Authenticated as Ink#3645
2022-09-23 14:33:09 | [INFO]    | Launching shard 0 (1 out of 1)...
2022-09-23 14:33:09 | [INFO]    | Shard 0 : Connected to wss://gateway.discord.gg
2022-09-23 14:33:09 | [INFO]    | Shard 0 : Received HELLO
2022-09-23 14:33:09 | [INFO]    | Shard 0 : Received READY
2022-09-23 14:33:51 | [INFO]    | Discordia 2.9.2
2022-09-23 14:33:51 | [INFO]    | Connecting to Discord...
2022-09-23 14:33:51 | [INFO]    | Authenticated as Ink#3645
2022-09-23 14:33:51 | [INFO]    | Launching shard 0 (1 out of 1)...
2022-09-23 14:33:51 | [INFO]    | Shard 0 : Connected to wss://gateway.discord.gg
2022-09-23 14:33:51 | [INFO]    | Shard 0 : Received HELLO
2022-09-23 14:33:52 | [INFO]    | Shard 0 : Received READY
2022-09-23 14:38:46 | [ERROR]   | 401 - Unauthorized : GET https://discord.com/api/v7/oauth2/applications/@me
2022-09-23 14:44:04 | [ERROR]   | 401 - Unauthorized : GET https://discord.com/api/v7/oauth2/applications/@me
2022-09-23 14:47:01 | [ERROR]   | 401 - Unauthorized : GET https://discord.com/api/v7/oauth2/applications/@me
2022-09-23 14:51:57 | [INFO]    | Discordia 2.9.2
2022-09-23 14:51:57 | [INFO]    | Connecting to Discord...
2022-09-23 14:51:57 | [INFO]    | Authenticated as Ink#3645
2022-09-23 14:51:57 | [INFO]    | Launching shard 0 (1 out of 1)...
2022-09-23 14:51:57 | [INFO]    | Shard 0 : Connected to wss://gateway.discord.gg
2022-09-23 14:51:57 | [INFO]    | Shard 0 : Received HELLO
2022-09-23 14:51:58 | [INFO]    | Shard 0 : Received READY
2022-09-23 14:57:27 | [INFO]    | Discordia 2.9.2
2022-09-23 14:57:27 | [INFO]    | Connecting to Discord...
2022-09-23 14:57:27 | [INFO]    | Authenticated as Ink#3645
2022-09-23 14:57:27 | [INFO]    | Launching shard 0 (1 out of 1)...
2022-09-23 14:57:27 | [INFO]    | Shard 0 : Connected to wss://gateway.discord.gg
2022-09-23 14:57:27 | [INFO]    | Shard 0 : Received HELLO
2022-09-23 14:57:27 | [INFO]    | Shard 0 : Received READY
2022-09-23 14:57:45 | [INFO]    | Discordia 2.9.2
2022-09-23 14:57:45 | [INFO]    | Connecting to Discord...
2022-09-23 14:57:45 | [INFO]    | Authenticated as Ink#3645
2022-09-23 14:57:45 | [INFO]    | Launching shard 0 (1 out of 1)...
2022-09-23 14:57:46 | [INFO]    | Shard 0 : Connected to wss://gateway.discord.gg
2022-09-23 14:57:46 | [INFO]    | Shard 0 : Received HELLO
2022-09-23 14:57:46 | [INFO]    | Shard 0 : Received READY
2022-09-23 14:58:22 | [INFO]    | Discordia 2.9.2
2022-09-23 14:58:22 | [INFO]    | Connecting to Discord...
2022-09-23 14:58:22 | [INFO]    | Authenticated as Ink#3645
2022-09-23 14:58:22 | [INFO]    | Launching shard 0 (1 out of 1)...
2022-09-23 14:58:22 | [INFO]    | Shard 0 : Connected to wss://gateway.discord.gg
2022-09-23 14:58:22 | [INFO]    | Shard 0 : Received HELLO
2022-09-23 14:58:22 | [INFO]    | Shard 0 : Received READY
2022-09-23 14:58:40 | [INFO]    | Discordia 2.9.2
2022-09-23 14:58:40 | [INFO]    | Connecting to Discord...
2022-09-23 14:58:40 | [INFO]    | Authenticated as Ink#3645
2022-09-23 14:58:40 | [INFO]    | Launching shard 0 (1 out of 1)...
2022-09-23 14:58:40 | [INFO]    | Shard 0 : Connected to wss://gateway.discord.gg
2022-09-23 14:58:40 | [INFO]    | Shard 0 : Received HELLO
2022-09-23 14:58:40 | [INFO]    | Shard 0 : Received READY
2022-09-23 15:00:30 | [INFO]    | Discordia 2.9.2
2022-09-23 15:00:30 | [INFO]    | Connecting to Discord...
2022-09-23 15:00:30 | [INFO]    | Authenticated as Ink#3645
2022-09-23 15:00:30 | [INFO]    | Launching shard 0 (1 out of 1)...
2022-09-23 15:00:30 | [INFO]    | Shard 0 : Connected to wss://gateway.discord.gg
2022-09-23 15:00:30 | [INFO]    | Shard 0 : Received HELLO
2022-09-23 15:00:30 | [INFO]    | Shard 0 : Received READY
2022-09-23 15:00:47 | [INFO]    | Discordia 2.9.2
2022-09-23 15:00:47 | [INFO]    | Connecting to Discord...
2022-09-23 15:00:47 | [INFO]    | Authenticated as Coordinates#4151
2022-09-23 15:00:47 | [INFO]    | Launching shard 0 (1 out of 1)...
2022-09-23 15:00:47 | [INFO]    | Shard 0 : Connected to wss://gateway.discord.gg
2022-09-23 15:00:47 | [INFO]    | Shard 0 : Received HELLO
2022-09-23 15:00:47 | [INFO]    | Shard 0 : Received READY
2022-09-23 15:02:35 | [INFO]    | Discordia 2.9.2
2022-09-23 15:02:35 | [INFO]    | Connecting to Discord...
2022-09-23 15:02:36 | [INFO]    | Authenticated as Coordinates#4151
2022-09-23 15:02:36 | [INFO]    | Launching shard 0 (1 out of 1)...
2022-09-23 15:02:36 | [INFO]    | Shard 0 : Connected to wss://gateway.discord.gg
2022-09-23 15:02:36 | [INFO]    | Shard 0 : Received HELLO
2022-09-23 15:02:36 | [INFO]    | Shard 0 : Received READY
2022-09-23 15:03:46 | [INFO]    | Discordia 2.9.2
2022-09-23 15:03:46 | [INFO]    | Connecting to Discord...
2022-09-23 15:03:46 | [INFO]    | Authenticated as Coordinates#4151
2022-09-23 15:03:46 | [INFO]    | Launching shard 0 (1 out of 1)...
2022-09-23 15:03:46 | [INFO]    | Shard 0 : Connected to wss://gateway.discord.gg
2022-09-23 15:03:46 | [INFO]    | Shard 0 : Received HELLO
2022-09-23 15:03:46 | [INFO]    | Shard 0 : Received READY
2022-09-23 15:04:48 | [INFO]    | Discordia 2.9.2
2022-09-23 15:04:48 | [INFO]    | Connecting to Discord...
2022-09-23 15:04:48 | [INFO]    | Authenticated as Coordinates#4151
2022-09-23 15:04:48 | [INFO]    | Launching shard 0 (1 out of 1)...
2022-09-23 15:04:48 | [INFO]    | Shard 0 : Connected to wss://gateway.discord.gg
2022-09-23 15:04:48 | [INFO]    | Shard 0 : Received HELLO
2022-09-23 15:04:49 | [INFO]    | Shard 0 : Received READY
2022-09-23 15:05:52 | [INFO]    | Discordia 2.9.2
2022-09-23 15:05:52 | [INFO]    | Connecting to Discord...
2022-09-23 15:05:52 | [INFO]    | Authenticated as Coordinates#4151
2022-09-23 15:05:52 | [INFO]    | Launching shard 0 (1 out of 1)...
2022-09-23 15:05:53 | [INFO]    | Shard 0 : Connected to wss://gateway.discord.gg
2022-09-23 15:05:53 | [INFO]    | Shard 0 : Received HELLO
2022-09-23 15:05:53 | [INFO]    | Shard 0 : Received READY
2022-09-23 15:07:26 | [INFO]    | Discordia 2.9.2
2022-09-23 15:07:26 | [INFO]    | Connecting to Discord...
2022-09-23 15:07:26 | [INFO]    | Authenticated as Coordinates#4151
2022-09-23 15:07:26 | [INFO]    | Launching shard 0 (1 out of 1)...
2022-09-23 15:07:26 | [INFO]    | Shard 0 : Connected to wss://gateway.discord.gg
2022-09-23 15:07:26 | [INFO]    | Shard 0 : Received HELLO
2022-09-23 15:07:26 | [INFO]    | Shard 0 : Received READY
2022-09-23 15:08:36 | [INFO]    | Discordia 2.9.2
2022-09-23 15:08:36 | [INFO]    | Connecting to Discord...
2022-09-23 15:08:36 | [INFO]    | Authenticated as Coordinates#4151
2022-09-23 15:08:36 | [INFO]    | Launching shard 0 (1 out of 1)...
2022-09-23 15:08:36 | [INFO]    | Shard 0 : Connected to wss://gateway.discord.gg
2022-09-23 15:08:36 | [INFO]    | Shard 0 : Received HELLO
2022-09-23 15:08:36 | [INFO]    | Shard 0 : Received READY
2022-09-23 15:09:06 | [INFO]    | Discordia 2.9.2
2022-09-23 15:09:06 | [INFO]    | Connecting to Discord...
2022-09-23 15:09:06 | [INFO]    | Authenticated as Ink#3645
2022-09-23 15:09:06 | [INFO]    | Launching shard 0 (1 out of 1)...
2022-09-23 15:09:06 | [INFO]    | Shard 0 : Connected to wss://gateway.discord.gg
2022-09-23 15:09:06 | [INFO]    | Shard 0 : Received HELLO
2022-09-23 15:09:06 | [INFO]    | Shard 0 : Received READY
2022-09-23 15:09:50 | [INFO]    | Discordia 2.9.2
2022-09-23 15:09:50 | [INFO]    | Connecting to Discord...
2022-09-23 15:09:51 | [INFO]    | Authenticated as Ink#3645
2022-09-23 15:09:51 | [INFO]    | Launching shard 0 (1 out of 1)...
2022-09-23 15:09:51 | [INFO]    | Shard 0 : Connected to wss://gateway.discord.gg
2022-09-23 15:09:51 | [INFO]    | Shard 0 : Received HELLO
2022-09-23 15:09:51 | [INFO]    | Shard 0 : Received READY
2022-09-23 15:10:29 | [INFO]    | Discordia 2.9.2
2022-09-23 15:10:29 | [INFO]    | Connecting to Discord...
2022-09-23 15:10:29 | [INFO]    | Authenticated as Ink#3645
2022-09-23 15:10:29 | [INFO]    | Launching shard 0 (1 out of 1)...
2022-09-23 15:10:29 | [INFO]    | Shard 0 : Connected to wss://gateway.discord.gg
2022-09-23 15:10:29 | [INFO]    | Shard 0 : Received HELLO
2022-09-23 15:10:30 | [INFO]    | Shard 0 : Received READY
2022-09-23 15:11:55 | [INFO]    | Discordia 2.9.2
2022-09-23 15:11:55 | [INFO]    | Connecting to Discord...
2022-09-23 15:11:55 | [INFO]    | Authenticated as Ink#3645
2022-09-23 15:11:55 | [INFO]    | Launching shard 0 (1 out of 1)...
2022-09-23 15:11:55 | [INFO]    | Shard 0 : Connected to wss://gateway.discord.gg
2022-09-23 15:11:55 | [INFO]    | Shard 0 : Received HELLO
2022-09-23 15:11:55 | [INFO]    | Shard 0 : Received READY
2022-09-23 15:12:38 | [INFO]    | Discordia 2.9.2
2022-09-23 15:12:38 | [INFO]    | Connecting to Discord...
2022-09-23 15:12:38 | [INFO]    | Authenticated as Ink#3645
2022-09-23 15:12:38 | [INFO]    | Launching shard 0 (1 out of 1)...
2022-09-23 15:12:38 | [INFO]    | Shard 0 : Connected to wss://gateway.discord.gg
2022-09-23 15:12:38 | [INFO]    | Shard 0 : Received HELLO
2022-09-23 15:12:38 | [INFO]    | Shard 0 : Received READY
2022-09-23 15:14:34 | [INFO]    | Discordia 2.9.2
2022-09-23 15:14:34 | [INFO]    | Connecting to Discord...
2022-09-23 15:14:34 | [INFO]    | Authenticated as Ink#3645
2022-09-23 15:14:34 | [INFO]    | Launching shard 0 (1 out of 1)...
2022-09-23 15:14:34 | [INFO]    | Shard 0 : Connected to wss://gateway.discord.gg
2022-09-23 15:14:34 | [INFO]    | Shard 0 : Received HELLO
2022-09-23 15:14:34 | [INFO]    | Shard 0 : Received READY
2022-09-23 15:15:37 | [INFO]    | Discordia 2.9.2
2022-09-23 15:15:37 | [INFO]    | Connecting to Discord...
2022-09-23 15:15:37 | [INFO]    | Authenticated as Ink#3645
2022-09-23 15:15:37 | [INFO]    | Launching shard 0 (1 out of 1)...
2022-09-23 15:15:37 | [INFO]    | Shard 0 : Connected to wss://gateway.discord.gg
2022-09-23 15:15:37 | [INFO]    | Shard 0 : Received HELLO
2022-09-23 15:15:38 | [INFO]    | Shard 0 : Received READY
2022-09-23 15:15:52 | [INFO]    | Discordia 2.9.2
2022-09-23 15:15:52 | [INFO]    | Connecting to Discord...
2022-09-23 15:15:52 | [INFO]    | Authenticated as Ink#3645
2022-09-23 15:15:52 | [INFO]    | Launching shard 0 (1 out of 1)...
2022-09-23 15:15:52 | [INFO]    | Shard 0 : Connected to wss://gateway.discord.gg
2022-09-23 15:15:52 | [INFO]    | Shard 0 : Received HELLO
2022-09-23 15:15:52 | [INFO]    | Shard 0 : Received READY
2022-09-23 15:16:00 | [INFO]    | Discordia 2.9.2
2022-09-23 15:16:00 | [INFO]    | Connecting to Discord...
2022-09-23 15:16:00 | [INFO]    | Authenticated as Ink#3645
2022-09-23 15:16:00 | [INFO]    | Launching shard 0 (1 out of 1)...
2022-09-23 15:16:00 | [INFO]    | Shard 0 : Connected to wss://gateway.discord.gg
2022-09-23 15:16:00 | [INFO]    | Shard 0 : Received HELLO
2022-09-23 15:16:00 | [INFO]    | Shard 0 : Received READY
2022-09-23 15:16:58 | [INFO]    | Discordia 2.9.2
2022-09-23 15:16:58 | [INFO]    | Connecting to Discord...
2022-09-23 15:16:58 | [INFO]    | Authenticated as Ink#3645
2022-09-23 15:16:58 | [INFO]    | Launching shard 0 (1 out of 1)...
2022-09-23 15:16:58 | [INFO]    | Shard 0 : Connected to wss://gateway.discord.gg
2022-09-23 15:16:58 | [INFO]    | Shard 0 : Received HELLO
2022-09-23 15:16:59 | [INFO]    | Shard 0 : Received READY
2022-09-23 15:18:16 | [ERROR]   | 401 - Unauthorized : GET https://discord.com/api/v7/oauth2/applications/@me
2022-09-23 15:19:42 | [INFO]    | Discordia 2.9.2
2022-09-23 15:19:42 | [INFO]    | Connecting to Discord...
2022-09-23 15:19:43 | [INFO]    | Authenticated as Ink#3645
2022-09-23 15:19:43 | [INFO]    | Launching shard 0 (1 out of 1)...
2022-09-23 15:19:43 | [INFO]    | Shard 0 : Connected to wss://gateway.discord.gg
2022-09-23 15:19:43 | [INFO]    | Shard 0 : Received HELLO
2022-09-23 15:19:43 | [INFO]    | Shard 0 : Received READY
2022-09-23 15:20:13 | [INFO]    | Discordia 2.9.2
2022-09-23 15:20:13 | [INFO]    | Connecting to Discord...
2022-09-23 15:20:13 | [INFO]    | Authenticated as Ink#3645
2022-09-23 15:20:13 | [INFO]    | Launching shard 0 (1 out of 1)...
2022-09-23 15:20:13 | [INFO]    | Shard 0 : Connected to wss://gateway.discord.gg
2022-09-23 15:20:13 | [INFO]    | Shard 0 : Received HELLO
2022-09-23 15:20:14 | [INFO]    | Shard 0 : Received READY
2022-09-23 15:28:13 | [INFO]    | Discordia 2.9.2
2022-09-23 15:28:13 | [INFO]    | Connecting to Discord...
2022-09-23 15:28:13 | [INFO]    | Authenticated as Ink#3645
2022-09-23 15:28:13 | [INFO]    | Launching shard 0 (1 out of 1)...
2022-09-23 15:28:14 | [INFO]    | Shard 0 : Connected to wss://gateway.discord.gg
2022-09-23 15:28:14 | [INFO]    | Shard 0 : Received HELLO
2022-09-23 15:28:14 | [INFO]    | Shard 0 : Received READY
2022-09-24 10:49:16 | [INFO]    | Discordia 2.9.2
2022-09-24 10:49:16 | [INFO]    | Connecting to Discord...
2022-09-24 10:49:16 | [ERROR]   | 401 - Unauthorized : GET https://discord.com/api/v7/users/@me
2022-09-24 10:49:16 | [ERROR]   | Could not authenticate, check token: HTTP Error 0 : 401: Unauthorized
2022-09-24 10:49:33 | [INFO]    | Discordia 2.9.2
2022-09-24 10:49:33 | [INFO]    | Connecting to Discord...
2022-09-24 10:49:33 | [INFO]    | Authenticated as Coordinates#4151
2022-09-24 10:49:33 | [INFO]    | Launching shard 0 (1 out of 1)...
2022-09-24 10:49:33 | [INFO]    | Shard 0 : Connected to wss://gateway.discord.gg
2022-09-24 10:49:33 | [INFO]    | Shard 0 : Received HELLO
2022-09-24 10:49:33 | [INFO]    | Shard 0 : Received READY
2022-09-24 10:52:47 | [INFO]    | Discordia 2.9.2
2022-09-24 10:52:47 | [INFO]    | Connecting to Discord...
2022-09-24 10:52:47 | [INFO]    | Authenticated as Coordinates#4151
2022-09-24 10:52:47 | [INFO]    | Launching shard 0 (1 out of 1)...
2022-09-24 10:52:47 | [INFO]    | Shard 0 : Connected to wss://gateway.discord.gg
2022-09-24 10:52:47 | [INFO]    | Shard 0 : Received HELLO
2022-09-24 10:52:48 | [INFO]    | Shard 0 : Received READY
2022-09-24 10:53:14 | [INFO]    | Discordia 2.9.2
2022-09-24 10:53:14 | [INFO]    | Connecting to Discord...
2022-09-24 10:53:14 | [INFO]    | Authenticated as Coordinates#4151
2022-09-24 10:53:14 | [INFO]    | Launching shard 0 (1 out of 1)...
2022-09-24 10:53:14 | [INFO]    | Shard 0 : Connected to wss://gateway.discord.gg
2022-09-24 10:53:14 | [INFO]    | Shard 0 : Received HELLO
2022-09-24 10:53:15 | [INFO]    | Shard 0 : Received READY
2022-09-24 10:53:42 | [INFO]    | Discordia 2.9.2
2022-09-24 10:53:42 | [INFO]    | Connecting to Discord...
2022-09-24 10:53:42 | [INFO]    | Authenticated as Coordinates#4151
2022-09-24 10:53:42 | [INFO]    | Launching shard 0 (1 out of 1)...
2022-09-24 10:53:42 | [INFO]    | Shard 0 : Connected to wss://gateway.discord.gg
2022-09-24 10:53:42 | [INFO]    | Shard 0 : Received HELLO
2022-09-24 10:53:42 | [INFO]    | Shard 0 : Received READY
2022-09-24 10:54:36 | [INFO]    | Discordia 2.9.2
2022-09-24 10:54:36 | [INFO]    | Connecting to Discord...
2022-09-24 10:54:36 | [INFO]    | Authenticated as Coordinates#4151
2022-09-24 10:54:36 | [INFO]    | Launching shard 0 (1 out of 1)...
2022-09-24 10:54:37 | [INFO]    | Shard 0 : Connected to wss://gateway.discord.gg
2022-09-24 10:54:37 | [INFO]    | Shard 0 : Received HELLO
2022-09-24 10:54:37 | [INFO]    | Shard 0 : Received READY
2022-09-24 10:54:55 | [INFO]    | Discordia 2.9.2
2022-09-24 10:54:55 | [INFO]    | Connecting to Discord...
2022-09-24 10:54:55 | [INFO]    | Authenticated as Coordinates#4151
2022-09-24 10:54:55 | [INFO]    | Launching shard 0 (1 out of 1)...
2022-09-24 10:54:55 | [INFO]    | Shard 0 : Connected to wss://gateway.discord.gg
2022-09-24 10:54:55 | [INFO]    | Shard 0 : Received HELLO
2022-09-24 10:54:55 | [INFO]    | Shard 0 : Received READY
2022-09-24 10:55:54 | [INFO]    | Discordia 2.9.2
2022-09-24 10:55:54 | [INFO]    | Connecting to Discord...
2022-09-24 10:55:54 | [INFO]    | Authenticated as Coordinates#4151
2022-09-24 10:55:54 | [INFO]    | Launching shard 0 (1 out of 1)...
2022-09-24 10:55:54 | [INFO]    | Shard 0 : Connected to wss://gateway.discord.gg
2022-09-24 10:55:54 | [INFO]    | Shard 0 : Received HELLO
2022-09-24 10:55:54 | [INFO]    | Shard 0 : Received READY
2022-09-24 10:56:10 | [INFO]    | Discordia 2.9.2
2022-09-24 10:56:10 | [INFO]    | Connecting to Discord...
2022-09-24 10:56:10 | [INFO]    | Authenticated as Coordinates#4151
2022-09-24 10:56:10 | [INFO]    | Launching shard 0 (1 out of 1)...
2022-09-24 10:56:10 | [INFO]    | Shard 0 : Connected to wss://gateway.discord.gg
2022-09-24 10:56:10 | [INFO]    | Shard 0 : Received HELLO
2022-09-24 10:56:10 | [INFO]    | Shard 0 : Received READY
2022-09-24 10:56:22 | [INFO]    | Discordia 2.9.2
2022-09-24 10:56:22 | [INFO]    | Connecting to Discord...
2022-09-24 10:56:22 | [INFO]    | Authenticated as Coordinates#4151
2022-09-24 10:56:22 | [INFO]    | Launching shard 0 (1 out of 1)...
2022-09-24 10:56:22 | [INFO]    | Shard 0 : Connected to wss://gateway.discord.gg
2022-09-24 10:56:22 | [INFO]    | Shard 0 : Received HELLO
2022-09-24 10:56:22 | [INFO]    | Shard 0 : Received READY
2022-09-24 10:56:50 | [INFO]    | Discordia 2.9.2
2022-09-24 10:56:50 | [INFO]    | Connecting to Discord...
2022-09-24 10:56:50 | [INFO]    | Authenticated as Coordinates#4151
2022-09-24 10:56:50 | [INFO]    | Launching shard 0 (1 out of 1)...
2022-09-24 10:56:50 | [INFO]    | Shard 0 : Connected to wss://gateway.discord.gg
2022-09-24 10:56:50 | [INFO]    | Shard 0 : Received HELLO
2022-09-24 10:56:51 | [INFO]    | Shard 0 : Received READY
2022-09-24 10:57:38 | [INFO]    | Discordia 2.9.2
2022-09-24 10:57:38 | [INFO]    | Connecting to Discord...
2022-09-24 10:57:38 | [INFO]    | Authenticated as Coordinates#4151
2022-09-24 10:57:38 | [INFO]    | Launching shard 0 (1 out of 1)...
2022-09-24 10:57:38 | [INFO]    | Shard 0 : Connected to wss://gateway.discord.gg
2022-09-24 10:57:38 | [INFO]    | Shard 0 : Received HELLO
2022-09-24 10:57:38 | [INFO]    | Shard 0 : Received READY
2022-09-24 10:58:20 | [INFO]    | Discordia 2.9.2
2022-09-24 10:58:20 | [INFO]    | Connecting to Discord...
2022-09-24 10:58:20 | [INFO]    | Authenticated as Coordinates#4151
2022-09-24 10:58:20 | [INFO]    | Launching shard 0 (1 out of 1)...
2022-09-24 10:58:20 | [INFO]    | Shard 0 : Connected to wss://gateway.discord.gg
2022-09-24 10:58:20 | [INFO]    | Shard 0 : Received HELLO
2022-09-24 10:58:20 | [INFO]    | Shard 0 : Received READY
2022-09-24 10:59:51 | [INFO]    | Discordia 2.9.2
2022-09-24 10:59:51 | [INFO]    | Connecting to Discord...
2022-09-24 10:59:51 | [INFO]    | Authenticated as Coordinates#4151
2022-09-24 10:59:51 | [INFO]    | Launching shard 0 (1 out of 1)...
2022-09-24 10:59:51 | [INFO]    | Shard 0 : Connected to wss://gateway.discord.gg
2022-09-24 10:59:51 | [INFO]    | Shard 0 : Received HELLO
2022-09-24 10:59:51 | [INFO]    | Shard 0 : Received READY
2022-09-24 11:02:29 | [INFO]    | Discordia 2.9.2
2022-09-24 11:02:29 | [INFO]    | Connecting to Discord...
2022-09-24 11:02:29 | [INFO]    | Authenticated as Coordinates#4151
2022-09-24 11:02:29 | [INFO]    | Launching shard 0 (1 out of 1)...
2022-09-24 11:02:30 | [INFO]    | Shard 0 : Connected to wss://gateway.discord.gg
2022-09-24 11:02:30 | [INFO]    | Shard 0 : Received HELLO
2022-09-24 11:02:30 | [INFO]    | Shard 0 : Received READY
2022-09-24 11:02:30 | [ERROR]   | 400 - Bad Request : POST https://discord.com/api/v7/applications/928677323782361128/guilds/802914516542554153/commands
2022-09-24 11:02:50 | [INFO]    | Discordia 2.9.2
2022-09-24 11:02:50 | [INFO]    | Connecting to Discord...
2022-09-24 11:02:50 | [INFO]    | Authenticated as Coordinates#4151
2022-09-24 11:02:50 | [INFO]    | Launching shard 0 (1 out of 1)...
2022-09-24 11:02:50 | [INFO]    | Shard 0 : Connected to wss://gateway.discord.gg
2022-09-24 11:02:50 | [INFO]    | Shard 0 : Received HELLO
2022-09-24 11:02:50 | [INFO]    | Shard 0 : Received READY
2022-09-24 11:02:50 | [ERROR]   | 400 - Bad Request : POST https://discord.com/api/v7/applications/928677323782361128/guilds/802914516542554153/commands
2022-09-24 11:03:14 | [INFO]    | Discordia 2.9.2
2022-09-24 11:03:14 | [INFO]    | Connecting to Discord...
2022-09-24 11:03:14 | [INFO]    | Authenticated as Coordinates#4151
2022-09-24 11:03:14 | [INFO]    | Launching shard 0 (1 out of 1)...
2022-09-24 11:03:14 | [INFO]    | Shard 0 : Connected to wss://gateway.discord.gg
2022-09-24 11:03:14 | [INFO]    | Shard 0 : Received HELLO
2022-09-24 11:03:14 | [INFO]    | Shard 0 : Received READY
2022-09-24 11:03:15 | [ERROR]   | 400 - Bad Request : POST https://discord.com/api/v7/applications/928677323782361128/guilds/802914516542554153/commands
2022-09-24 11:03:44 | [INFO]    | Discordia 2.9.2
2022-09-24 11:03:44 | [INFO]    | Connecting to Discord...
2022-09-24 11:03:44 | [INFO]    | Authenticated as Coordinates#4151
2022-09-24 11:03:44 | [INFO]    | Launching shard 0 (1 out of 1)...
2022-09-24 11:03:44 | [INFO]    | Shard 0 : Connected to wss://gateway.discord.gg
2022-09-24 11:03:44 | [INFO]    | Shard 0 : Received HELLO
2022-09-24 11:03:44 | [INFO]    | Shard 0 : Received READY
2022-09-24 11:03:45 | [ERROR]   | 400 - Bad Request : POST https://discord.com/api/v7/applications/928677323782361128/guilds/802914516542554153/commands
2022-09-24 11:06:39 | [INFO]    | Discordia 2.9.2
2022-09-24 11:06:39 | [INFO]    | Connecting to Discord...
2022-09-24 11:06:39 | [INFO]    | Authenticated as penisss#8399
2022-09-24 11:06:39 | [INFO]    | Launching shard 0 (1 out of 1)...
2022-09-24 11:06:39 | [INFO]    | Shard 0 : Connected to wss://gateway.discord.gg
2022-09-24 11:06:39 | [INFO]    | Shard 0 : Received HELLO
2022-09-24 11:06:40 | [INFO]    | Shard 0 : Received READY
2022-09-24 11:07:19 | [INFO]    | Discordia 2.9.2
2022-09-24 11:07:19 | [INFO]    | Connecting to Discord...
2022-09-24 11:07:19 | [INFO]    | Authenticated as penisss#8399
2022-09-24 11:07:19 | [INFO]    | Launching shard 0 (1 out of 1)...
2022-09-24 11:07:19 | [INFO]    | Shard 0 : Connected to wss://gateway.discord.gg
2022-09-24 11:07:19 | [INFO]    | Shard 0 : Received HELLO
2022-09-24 11:07:20 | [INFO]    | Shard 0 : Received READY
2022-09-24 11:07:20 | [ERROR]   | 400 - Bad Request : POST https://discord.com/api/v7/applications/934293911550177361/guilds/802914516542554153/commands
2022-09-24 11:08:22 | [INFO]    | Discordia 2.9.2
2022-09-24 11:08:22 | [INFO]    | Connecting to Discord...
2022-09-24 11:08:23 | [INFO]    | Authenticated as Coordinates#4151
2022-09-24 11:08:23 | [INFO]    | Launching shard 0 (1 out of 1)...
2022-09-24 11:08:23 | [INFO]    | Shard 0 : Connected to wss://gateway.discord.gg
2022-09-24 11:08:23 | [INFO]    | Shard 0 : Received HELLO
2022-09-24 11:08:23 | [INFO]    | Shard 0 : Received READY
2022-09-24 11:08:44 | [INFO]    | Discordia 2.9.2
2022-09-24 11:08:44 | [INFO]    | Connecting to Discord...
2022-09-24 11:08:45 | [INFO]    | Authenticated as Coordinates#4151
2022-09-24 11:08:45 | [INFO]    | Launching shard 0 (1 out of 1)...
2022-09-24 11:08:45 | [INFO]    | Shard 0 : Connected to wss://gateway.discord.gg
2022-09-24 11:08:45 | [INFO]    | Shard 0 : Received HELLO
2022-09-24 11:08:45 | [INFO]    | Shard 0 : Received READY
2022-09-24 11:09:02 | [INFO]    | Discordia 2.9.2
2022-09-24 11:09:02 | [INFO]    | Connecting to Discord...
2022-09-24 11:09:03 | [INFO]    | Authenticated as Coordinates#4151
2022-09-24 11:09:03 | [INFO]    | Launching shard 0 (1 out of 1)...
2022-09-24 11:09:03 | [INFO]    | Shard 0 : Connected to wss://gateway.discord.gg
2022-09-24 11:09:03 | [INFO]    | Shard 0 : Received HELLO
2022-09-24 11:09:03 | [INFO]    | Shard 0 : Received READY
2022-09-24 11:11:03 | [INFO]    | Discordia 2.9.2
2022-09-24 11:11:04 | [INFO]    | Connecting to Discord...
2022-09-24 11:11:04 | [INFO]    | Authenticated as Coordinates#4151
2022-09-24 11:11:04 | [INFO]    | Launching shard 0 (1 out of 1)...
2022-09-24 11:11:04 | [INFO]    | Shard 0 : Connected to wss://gateway.discord.gg
2022-09-24 11:11:04 | [INFO]    | Shard 0 : Received HELLO
2022-09-24 11:11:04 | [INFO]    | Shard 0 : Received READY
2022-09-24 11:11:52 | [INFO]    | Discordia 2.9.2
2022-09-24 11:11:52 | [INFO]    | Connecting to Discord...
2022-09-24 11:11:52 | [INFO]    | Authenticated as Coordinates#4151
2022-09-24 11:11:52 | [INFO]    | Launching shard 0 (1 out of 1)...
2022-09-24 11:11:52 | [INFO]    | Shard 0 : Connected to wss://gateway.discord.gg
2022-09-24 11:11:52 | [INFO]    | Shard 0 : Received HELLO
2022-09-24 11:11:52 | [INFO]    | Shard 0 : Received READY
2022-09-24 11:12:08 | [INFO]    | Discordia 2.9.2
2022-09-24 11:12:08 | [INFO]    | Connecting to Discord...
2022-09-24 11:12:08 | [INFO]    | Authenticated as Coordinates#4151
2022-09-24 11:12:08 | [INFO]    | Launching shard 0 (1 out of 1)...
2022-09-24 11:12:08 | [INFO]    | Shard 0 : Connected to wss://gateway.discord.gg
2022-09-24 11:12:08 | [INFO]    | Shard 0 : Received HELLO
2022-09-24 11:12:08 | [INFO]    | Shard 0 : Received READY
2022-09-24 11:12:26 | [INFO]    | Discordia 2.9.2
2022-09-24 11:12:26 | [INFO]    | Connecting to Discord...
2022-09-24 11:12:26 | [INFO]    | Authenticated as Coordinates#4151
2022-09-24 11:12:26 | [INFO]    | Launching shard 0 (1 out of 1)...
2022-09-24 11:12:27 | [INFO]    | Shard 0 : Connected to wss://gateway.discord.gg
2022-09-24 11:12:27 | [INFO]    | Shard 0 : Received HELLO
2022-09-24 11:12:27 | [INFO]    | Shard 0 : Received READY
2022-09-24 11:13:19 | [INFO]    | Discordia 2.9.2
2022-09-24 11:13:19 | [INFO]    | Connecting to Discord...
2022-09-24 11:13:19 | [INFO]    | Authenticated as Coordinates#4151
2022-09-24 11:13:19 | [INFO]    | Launching shard 0 (1 out of 1)...
2022-09-24 11:13:19 | [INFO]    | Shard 0 : Connected to wss://gateway.discord.gg
2022-09-24 11:13:19 | [INFO]    | Shard 0 : Received HELLO
2022-09-24 11:13:19 | [INFO]    | Shard 0 : Received READY
2022-09-24 11:13:36 | [INFO]    | Discordia 2.9.2
2022-09-24 11:13:36 | [INFO]    | Connecting to Discord...
2022-09-24 11:13:36 | [INFO]    | Authenticated as Coordinates#4151
2022-09-24 11:13:36 | [INFO]    | Launching shard 0 (1 out of 1)...
2022-09-24 11:13:36 | [INFO]    | Shard 0 : Connected to wss://gateway.discord.gg
2022-09-24 11:13:36 | [INFO]    | Shard 0 : Received HELLO
2022-09-24 11:13:36 | [INFO]    | Shard 0 : Received READY
2022-09-24 11:14:28 | [INFO]    | Discordia 2.9.2
2022-09-24 11:14:28 | [INFO]    | Connecting to Discord...
2022-09-24 11:14:29 | [INFO]    | Authenticated as Coordinates#4151
2022-09-24 11:14:29 | [INFO]    | Launching shard 0 (1 out of 1)...
2022-09-24 11:14:29 | [INFO]    | Shard 0 : Connected to wss://gateway.discord.gg
2022-09-24 11:14:29 | [INFO]    | Shard 0 : Received HELLO
2022-09-24 11:14:29 | [INFO]    | Shard 0 : Received READY
2022-09-24 11:15:27 | [INFO]    | Discordia 2.9.2
2022-09-24 11:15:27 | [INFO]    | Connecting to Discord...
2022-09-24 11:15:27 | [INFO]    | Authenticated as Coordinates#4151
2022-09-24 11:15:27 | [INFO]    | Launching shard 0 (1 out of 1)...
2022-09-24 11:15:27 | [INFO]    | Shard 0 : Connected to wss://gateway.discord.gg
2022-09-24 11:15:27 | [INFO]    | Shard 0 : Received HELLO
2022-09-24 11:15:27 | [INFO]    | Shard 0 : Received READY
2022-09-24 11:15:49 | [INFO]    | Discordia 2.9.2
2022-09-24 11:15:49 | [INFO]    | Connecting to Discord...
2022-09-24 11:15:49 | [INFO]    | Authenticated as Coordinates#4151
2022-09-24 11:15:49 | [INFO]    | Launching shard 0 (1 out of 1)...
2022-09-24 11:15:49 | [INFO]    | Shard 0 : Connected to wss://gateway.discord.gg
2022-09-24 11:15:49 | [INFO]    | Shard 0 : Received HELLO
2022-09-24 11:15:49 | [INFO]    | Shard 0 : Received READY
2022-09-24 11:16:07 | [INFO]    | Discordia 2.9.2
2022-09-24 11:16:07 | [INFO]    | Connecting to Discord...
2022-09-24 11:16:07 | [INFO]    | Authenticated as Coordinates#4151
2022-09-24 11:16:07 | [INFO]    | Launching shard 0 (1 out of 1)...
2022-09-24 11:16:08 | [INFO]    | Shard 0 : Connected to wss://gateway.discord.gg
2022-09-24 11:16:08 | [INFO]    | Shard 0 : Received HELLO
2022-09-24 11:16:08 | [INFO]    | Shard 0 : Received READY
2022-09-24 11:16:29 | [INFO]    | Discordia 2.9.2
2022-09-24 11:16:29 | [INFO]    | Connecting to Discord...
2022-09-24 11:16:29 | [INFO]    | Authenticated as Coordinates#4151
2022-09-24 11:16:29 | [INFO]    | Launching shard 0 (1 out of 1)...
2022-09-24 11:16:29 | [INFO]    | Shard 0 : Connected to wss://gateway.discord.gg
2022-09-24 11:16:29 | [INFO]    | Shard 0 : Received HELLO
2022-09-24 11:16:29 | [INFO]    | Shard 0 : Received READY
2022-09-24 11:16:43 | [INFO]    | Discordia 2.9.2
2022-09-24 11:16:43 | [INFO]    | Connecting to Discord...
2022-09-24 11:16:43 | [INFO]    | Authenticated as Coordinates#4151
2022-09-24 11:16:43 | [INFO]    | Launching shard 0 (1 out of 1)...
2022-09-24 11:16:43 | [INFO]    | Shard 0 : Connected to wss://gateway.discord.gg
2022-09-24 11:16:43 | [INFO]    | Shard 0 : Received HELLO
2022-09-24 11:16:44 | [INFO]    | Shard 0 : Received READY
2022-09-24 11:20:13 | [INFO]    | Discordia 2.9.2
2022-09-24 11:20:13 | [INFO]    | Connecting to Discord...
2022-09-24 11:20:13 | [INFO]    | Authenticated as Coordinates#4151
2022-09-24 11:20:13 | [INFO]    | Launching shard 0 (1 out of 1)...
2022-09-24 11:20:13 | [INFO]    | Shard 0 : Connected to wss://gateway.discord.gg
2022-09-24 11:20:13 | [INFO]    | Shard 0 : Received HELLO
2022-09-24 11:20:13 | [INFO]    | Shard 0 : Received READY
2022-09-24 11:21:48 | [INFO]    | Discordia 2.9.2
2022-09-24 11:21:48 | [INFO]    | Connecting to Discord...
2022-09-24 11:21:49 | [INFO]    | Authenticated as Coordinates#4151
2022-09-24 11:21:49 | [INFO]    | Launching shard 0 (1 out of 1)...
2022-09-24 11:21:49 | [INFO]    | Shard 0 : Connected to wss://gateway.discord.gg
2022-09-24 11:21:49 | [INFO]    | Shard 0 : Received HELLO
2022-09-24 11:21:49 | [INFO]    | Shard 0 : Received READY
2022-09-24 11:22:07 | [INFO]    | Discordia 2.9.2
2022-09-24 11:22:07 | [INFO]    | Connecting to Discord...
2022-09-24 11:22:07 | [INFO]    | Authenticated as Coordinates#4151
2022-09-24 11:22:07 | [INFO]    | Launching shard 0 (1 out of 1)...
2022-09-24 11:22:07 | [INFO]    | Shard 0 : Connected to wss://gateway.discord.gg
2022-09-24 11:22:07 | [INFO]    | Shard 0 : Received HELLO
2022-09-24 11:22:08 | [INFO]    | Shard 0 : Received READY
2022-09-24 11:24:39 | [INFO]    | Discordia 2.9.2
2022-09-24 11:24:39 | [INFO]    | Connecting to Discord...
2022-09-24 11:24:39 | [INFO]    | Authenticated as Coordinates#4151
2022-09-24 11:24:39 | [INFO]    | Launching shard 0 (1 out of 1)...
2022-09-24 11:24:39 | [INFO]    | Shard 0 : Connected to wss://gateway.discord.gg
2022-09-24 11:24:39 | [INFO]    | Shard 0 : Received HELLO
2022-09-24 11:24:39 | [INFO]    | Shard 0 : Received READY
2022-09-24 11:27:32 | [INFO]    | Discordia 2.9.2
2022-09-24 11:27:32 | [INFO]    | Connecting to Discord...
2022-09-24 11:27:32 | [INFO]    | Authenticated as Coordinates#4151
2022-09-24 11:27:32 | [INFO]    | Launching shard 0 (1 out of 1)...
2022-09-24 11:27:32 | [INFO]    | Shard 0 : Connected to wss://gateway.discord.gg
2022-09-24 11:27:32 | [INFO]    | Shard 0 : Received HELLO
2022-09-24 11:27:32 | [INFO]    | Shard 0 : Received READY
2022-09-24 11:27:52 | [INFO]    | Discordia 2.9.2
2022-09-24 11:27:52 | [INFO]    | Connecting to Discord...
2022-09-24 11:27:52 | [INFO]    | Authenticated as Coordinates#4151
2022-09-24 11:27:52 | [INFO]    | Launching shard 0 (1 out of 1)...
2022-09-24 11:27:53 | [INFO]    | Shard 0 : Connected to wss://gateway.discord.gg
2022-09-24 11:27:53 | [INFO]    | Shard 0 : Received HELLO
2022-09-24 11:27:53 | [INFO]    | Shard 0 : Received READY
2022-09-24 11:30:33 | [INFO]    | Discordia 2.9.2
2022-09-24 11:30:33 | [INFO]    | Connecting to Discord...
2022-09-24 11:30:34 | [INFO]    | Authenticated as Coordinates#4151
2022-09-24 11:30:34 | [INFO]    | Launching shard 0 (1 out of 1)...
2022-09-24 11:30:34 | [INFO]    | Shard 0 : Connected to wss://gateway.discord.gg
2022-09-24 11:30:34 | [INFO]    | Shard 0 : Received HELLO
2022-09-24 11:30:34 | [INFO]    | Shard 0 : Received READY
2022-09-24 11:31:06 | [ERROR]   | 400 - Bad Request : POST https://discord.com/api/v7/interactions/1023255266600439890/aW50ZXJhY3Rpb246MTAyMzI1NTI2NjYwMDQzOTg5MDowSnQ5UWNIRnpqS3gyN0VnTloyTzg2UmFneFlzcWVSaGxaZXBkNUdsalZrVGs3Q1A1OG9BU2dOT1hZTkJLV1ZUWGtZUElDSWMxSWpJakZ0YW00TkNFQTRZTWtJa3BiMkdncjNhTnUxcTREcEVYOVQzOTBZMkk4S2ZVYndNRHhtdg/callback
2022-09-24 11:31:06 | [ERROR]   | 400 - Bad Request : POST https://discord.com/api/v7/interactions/1023255269494501427/aW50ZXJhY3Rpb246MTAyMzI1NTI2OTQ5NDUwMTQyNzo0YnNia1JQZVNZcGVRUjhIRFpKVzgwcmVHbnEyR3pDSVFSRVpXWjdqanV1c3ZLbzgzRVlMbFplWDkzaWx3aGZoOWljamw2elpNNFkxb0R1NnBRcnphZFA2cG90U2J0NzFvallJMFllTFFXRmVnMWlVZ1E3WlI4UXlwc01Cdkt0NA/callback
2022-09-24 11:31:59 | [INFO]    | Discordia 2.9.2
2022-09-24 11:31:59 | [INFO]    | Connecting to Discord...
2022-09-24 11:32:00 | [INFO]    | Authenticated as Coordinates#4151
2022-09-24 11:32:00 | [INFO]    | Launching shard 0 (1 out of 1)...
2022-09-24 11:32:00 | [INFO]    | Shard 0 : Connected to wss://gateway.discord.gg
2022-09-24 11:32:00 | [INFO]    | Shard 0 : Received HELLO
2022-09-24 11:32:00 | [INFO]    | Shard 0 : Received READY
2022-09-24 11:32:12 | [INFO]    | Discordia 2.9.2
2022-09-24 11:32:12 | [INFO]    | Connecting to Discord...
2022-09-24 11:32:12 | [INFO]    | Authenticated as Coordinates#4151
2022-09-24 11:32:12 | [INFO]    | Launching shard 0 (1 out of 1)...
2022-09-24 11:32:12 | [INFO]    | Shard 0 : Connected to wss://gateway.discord.gg
2022-09-24 11:32:12 | [INFO]    | Shard 0 : Received HELLO
2022-09-24 11:32:13 | [INFO]    | Shard 0 : Received READY
2022-09-24 11:34:29 | [INFO]    | Discordia 2.9.2
2022-09-24 11:34:29 | [INFO]    | Connecting to Discord...
2022-09-24 11:34:29 | [INFO]    | Authenticated as Coordinates#4151
2022-09-24 11:34:29 | [INFO]    | Launching shard 0 (1 out of 1)...
2022-09-24 11:34:29 | [INFO]    | Shard 0 : Connected to wss://gateway.discord.gg
2022-09-24 11:34:29 | [INFO]    | Shard 0 : Received HELLO
2022-09-24 11:34:29 | [INFO]    | Shard 0 : Received READY
2022-09-24 11:34:38 | [ERROR]   | 400 - Bad Request : POST https://discord.com/api/v7/interactions/1023256155612528680/aW50ZXJhY3Rpb246MTAyMzI1NjE1NTYxMjUyODY4MDpPelpQZWhzVVE5bnVBV2ZJRHJwcGp2M28xbG41aFFReUFhaFRWS1RBTEpzZ1pzcUhMczBGRTRGYjdLNEN2cDRCZlVOemhvTndRTTNNUmNEY3VyWDVtS0lNN3FMTVZhUTZMZ3Z3UWc4OExKSkZwTEtTM3FkZjFhTGc2MXhobjlYQw/callback
2022-09-24 11:34:38 | [ERROR]   | 400 - Bad Request : POST https://discord.com/api/v7/interactions/1023256157952938004/aW50ZXJhY3Rpb246MTAyMzI1NjE1Nzk1MjkzODAwNDpNcUVjR3JjWjQzdHRFMTQ4aEdhSEFodGNrOGlTdDF2UFRjcVlFRFNkR1cxSWI4QmhGbVhnNmZEMzk5dm5WeVYwTVg5WFFSNWhjNjBxd3dHd0dZb3lua2NlUGg1Y1VDYTBRZ0FYT2c3dU4xc3RzQWxZUXFnVnBndjJFQnJVR2RUeg/callback
2022-09-24 11:36:52 | [INFO]    | Discordia 2.9.2
2022-09-24 11:36:52 | [INFO]    | Connecting to Discord...
2022-09-24 11:36:52 | [INFO]    | Authenticated as Coordinates#4151
2022-09-24 11:36:52 | [INFO]    | Launching shard 0 (1 out of 1)...
2022-09-24 11:36:53 | [INFO]    | Shard 0 : Connected to wss://gateway.discord.gg
2022-09-24 11:36:53 | [INFO]    | Shard 0 : Received HELLO
2022-09-24 11:36:53 | [INFO]    | Shard 0 : Received READY
2022-09-24 11:36:58 | [ERROR]   | 400 - Bad Request : POST https://discord.com/api/v7/interactions/1023256745478455336/aW50ZXJhY3Rpb246MTAyMzI1Njc0NTQ3ODQ1NTMzNjpoMW1PdjhVdE5kZ1ZMbVpCeEhoYlJTVUw0c3U4OWpPWTJveFRkRFRTRFlGTlZWMWxYSjk4cWVyeW9sM3F4Mnh2NGhlbVNFbXowR2NTbTN6NTJKNTdWcHM3aUJ0V3pPZGw1VlBvNlVoY1V5TnYxdUgwSDhBZWI4Q293cnBuclBPTg/callback
2022-09-24 11:42:22 | [INFO]    | Discordia 2.9.2
2022-09-24 11:42:22 | [INFO]    | Connecting to Discord...
2022-09-24 11:42:23 | [INFO]    | Authenticated as Coordinates#4151
2022-09-24 11:42:23 | [INFO]    | Launching shard 0 (1 out of 1)...
2022-09-24 11:42:23 | [INFO]    | Shard 0 : Connected to wss://gateway.discord.gg
2022-09-24 11:42:23 | [INFO]    | Shard 0 : Received HELLO
2022-09-24 11:42:23 | [INFO]    | Shard 0 : Received READY
2022-09-24 11:43:49 | [INFO]    | Discordia 2.9.2
2022-09-24 11:43:49 | [INFO]    | Connecting to Discord...
2022-09-24 11:43:49 | [INFO]    | Authenticated as Coordinates#4151
2022-09-24 11:43:49 | [INFO]    | Launching shard 0 (1 out of 1)...
2022-09-24 11:43:49 | [INFO]    | Shard 0 : Connected to wss://gateway.discord.gg
2022-09-24 11:43:49 | [INFO]    | Shard 0 : Received HELLO
2022-09-24 11:43:49 | [INFO]    | Shard 0 : Received READY
2022-09-24 11:44:10 | [INFO]    | Discordia 2.9.2
2022-09-24 11:44:10 | [INFO]    | Connecting to Discord...
2022-09-24 11:44:10 | [INFO]    | Authenticated as Coordinates#4151
2022-09-24 11:44:10 | [INFO]    | Launching shard 0 (1 out of 1)...
2022-09-24 11:44:11 | [INFO]    | Shard 0 : Connected to wss://gateway.discord.gg
2022-09-24 11:44:11 | [INFO]    | Shard 0 : Received HELLO
2022-09-24 11:44:11 | [INFO]    | Shard 0 : Received READY
2022-09-24 11:44:54 | [INFO]    | Discordia 2.9.2
2022-09-24 11:44:54 | [INFO]    | Connecting to Discord...
2022-09-24 11:44:54 | [INFO]    | Authenticated as Coordinates#4151
2022-09-24 11:44:54 | [INFO]    | Launching shard 0 (1 out of 1)...
2022-09-24 11:44:54 | [INFO]    | Shard 0 : Connected to wss://gateway.discord.gg
2022-09-24 11:44:54 | [INFO]    | Shard 0 : Received HELLO
2022-09-24 11:44:54 | [INFO]    | Shard 0 : Received READY
2022-09-24 11:45:07 | [INFO]    | Discordia 2.9.2
2022-09-24 11:45:07 | [INFO]    | Connecting to Discord...
2022-09-24 11:45:08 | [INFO]    | Authenticated as Coordinates#4151
2022-09-24 11:45:08 | [INFO]    | Launching shard 0 (1 out of 1)...
2022-09-24 11:45:08 | [INFO]    | Shard 0 : Connected to wss://gateway.discord.gg
2022-09-24 11:45:08 | [INFO]    | Shard 0 : Received HELLO
2022-09-24 11:45:08 | [INFO]    | Shard 0 : Received READY
2022-09-24 11:45:25 | [INFO]    | Discordia 2.9.2
2022-09-24 11:45:25 | [INFO]    | Connecting to Discord...
2022-09-24 11:45:26 | [INFO]    | Authenticated as Coordinates#4151
2022-09-24 11:45:26 | [INFO]    | Launching shard 0 (1 out of 1)...
2022-09-24 11:45:26 | [INFO]    | Shard 0 : Connected to wss://gateway.discord.gg
2022-09-24 11:45:26 | [INFO]    | Shard 0 : Received HELLO
2022-09-24 11:45:26 | [INFO]    | Shard 0 : Received READY
2022-09-24 11:46:07 | [INFO]    | Discordia 2.9.2
2022-09-24 11:46:07 | [INFO]    | Connecting to Discord...
2022-09-24 11:46:07 | [INFO]    | Authenticated as Coordinates#4151
2022-09-24 11:46:07 | [INFO]    | Launching shard 0 (1 out of 1)...
2022-09-24 11:46:07 | [INFO]    | Shard 0 : Connected to wss://gateway.discord.gg
2022-09-24 11:46:07 | [INFO]    | Shard 0 : Received HELLO
2022-09-24 11:46:08 | [INFO]    | Shard 0 : Received READY
2022-09-24 11:46:37 | [INFO]    | Discordia 2.9.2
2022-09-24 11:46:37 | [INFO]    | Connecting to Discord...
2022-09-24 11:46:38 | [INFO]    | Authenticated as Coordinates#4151
2022-09-24 11:46:38 | [INFO]    | Launching shard 0 (1 out of 1)...
2022-09-24 11:46:38 | [INFO]    | Shard 0 : Connected to wss://gateway.discord.gg
2022-09-24 11:46:38 | [INFO]    | Shard 0 : Received HELLO
2022-09-24 11:46:38 | [INFO]    | Shard 0 : Received READY
2022-09-24 11:46:52 | [INFO]    | Discordia 2.9.2
2022-09-24 11:46:52 | [INFO]    | Connecting to Discord...
2022-09-24 11:46:52 | [INFO]    | Authenticated as Coordinates#4151
2022-09-24 11:46:52 | [INFO]    | Launching shard 0 (1 out of 1)...
2022-09-24 11:46:52 | [INFO]    | Shard 0 : Connected to wss://gateway.discord.gg
2022-09-24 11:46:52 | [INFO]    | Shard 0 : Received HELLO
2022-09-24 11:46:53 | [INFO]    | Shard 0 : Received READY
2022-09-24 11:47:30 | [INFO]    | Discordia 2.9.2
2022-09-24 11:47:30 | [INFO]    | Connecting to Discord...
2022-09-24 11:47:31 | [INFO]    | Authenticated as Coordinates#4151
2022-09-24 11:47:31 | [INFO]    | Launching shard 0 (1 out of 1)...
2022-09-24 11:47:31 | [INFO]    | Shard 0 : Connected to wss://gateway.discord.gg
2022-09-24 11:47:31 | [INFO]    | Shard 0 : Received HELLO
2022-09-24 11:47:31 | [INFO]    | Shard 0 : Received READY
2022-09-24 11:48:27 | [INFO]    | Discordia 2.9.2
2022-09-24 11:48:27 | [INFO]    | Connecting to Discord...
2022-09-24 11:48:27 | [INFO]    | Authenticated as Coordinates#4151
2022-09-24 11:48:27 | [INFO]    | Launching shard 0 (1 out of 1)...
2022-09-24 11:48:28 | [INFO]    | Shard 0 : Connected to wss://gateway.discord.gg
2022-09-24 11:48:28 | [INFO]    | Shard 0 : Received HELLO
2022-09-24 11:48:28 | [INFO]    | Shard 0 : Received READY
2022-09-24 11:49:01 | [INFO]    | Discordia 2.9.2
2022-09-24 11:49:01 | [INFO]    | Connecting to Discord...
2022-09-24 11:49:01 | [INFO]    | Authenticated as Coordinates#4151
2022-09-24 11:49:01 | [INFO]    | Launching shard 0 (1 out of 1)...
2022-09-24 11:49:01 | [INFO]    | Shard 0 : Connected to wss://gateway.discord.gg
2022-09-24 11:49:01 | [INFO]    | Shard 0 : Received HELLO
2022-09-24 11:49:01 | [INFO]    | Shard 0 : Received READY
2022-09-24 11:50:43 | [INFO]    | Discordia 2.9.2
2022-09-24 11:50:43 | [INFO]    | Connecting to Discord...
2022-09-24 11:50:43 | [INFO]    | Authenticated as Coordinates#4151
2022-09-24 11:50:43 | [INFO]    | Launching shard 0 (1 out of 1)...
2022-09-24 11:50:43 | [INFO]    | Shard 0 : Connected to wss://gateway.discord.gg
2022-09-24 11:50:43 | [INFO]    | Shard 0 : Received HELLO
2022-09-24 11:50:44 | [INFO]    | Shard 0 : Received READY
2022-09-24 11:51:08 | [INFO]    | Discordia 2.9.2
2022-09-24 11:51:08 | [INFO]    | Connecting to Discord...
2022-09-24 11:51:09 | [INFO]    | Authenticated as Coordinates#4151
2022-09-24 11:51:09 | [INFO]    | Launching shard 0 (1 out of 1)...
2022-09-24 11:51:09 | [INFO]    | Shard 0 : Connected to wss://gateway.discord.gg
2022-09-24 11:51:09 | [INFO]    | Shard 0 : Received HELLO
2022-09-24 11:51:09 | [INFO]    | Shard 0 : Received READY
2022-09-24 11:55:47 | [INFO]    | Discordia 2.9.2
2022-09-24 11:55:47 | [INFO]    | Connecting to Discord...
2022-09-24 11:55:47 | [INFO]    | Authenticated as Coordinates#4151
2022-09-24 11:55:47 | [INFO]    | Launching shard 0 (1 out of 1)...
2022-09-24 11:55:47 | [INFO]    | Shard 0 : Connected to wss://gateway.discord.gg
2022-09-24 11:55:47 | [INFO]    | Shard 0 : Received HELLO
2022-09-24 11:55:48 | [INFO]    | Shard 0 : Received READY
2022-09-24 11:56:29 | [INFO]    | Discordia 2.9.2
2022-09-24 11:56:29 | [INFO]    | Connecting to Discord...
2022-09-24 11:56:29 | [INFO]    | Authenticated as Coordinates#4151
2022-09-24 11:56:29 | [INFO]    | Launching shard 0 (1 out of 1)...
2022-09-24 11:56:29 | [INFO]    | Shard 0 : Connected to wss://gateway.discord.gg
2022-09-24 11:56:29 | [INFO]    | Shard 0 : Received HELLO
2022-09-24 11:56:29 | [INFO]    | Shard 0 : Received READY
2022-09-24 11:57:43 | [INFO]    | Discordia 2.9.2
2022-09-24 11:57:43 | [INFO]    | Connecting to Discord...
2022-09-24 11:57:44 | [INFO]    | Authenticated as Coordinates#4151
2022-09-24 11:57:44 | [INFO]    | Launching shard 0 (1 out of 1)...
2022-09-24 11:57:44 | [INFO]    | Shard 0 : Connected to wss://gateway.discord.gg
2022-09-24 11:57:44 | [INFO]    | Shard 0 : Received HELLO
2022-09-24 11:57:44 | [INFO]    | Shard 0 : Received READY
2022-09-24 11:58:48 | [INFO]    | Discordia 2.9.2
2022-09-24 11:58:48 | [INFO]    | Connecting to Discord...
2022-09-24 11:58:48 | [INFO]    | Authenticated as Coordinates#4151
2022-09-24 11:58:48 | [INFO]    | Launching shard 0 (1 out of 1)...
2022-09-24 11:58:48 | [INFO]    | Shard 0 : Connected to wss://gateway.discord.gg
2022-09-24 11:58:48 | [INFO]    | Shard 0 : Received HELLO
2022-09-24 11:58:48 | [INFO]    | Shard 0 : Received READY
2022-09-24 12:01:54 | [INFO]    | Discordia 2.9.2
2022-09-24 12:01:54 | [INFO]    | Connecting to Discord...
2022-09-24 12:01:54 | [INFO]    | Authenticated as Coordinates#4151
2022-09-24 12:01:54 | [INFO]    | Launching shard 0 (1 out of 1)...
2022-09-24 12:01:55 | [INFO]    | Shard 0 : Connected to wss://gateway.discord.gg
2022-09-24 12:01:55 | [INFO]    | Shard 0 : Received HELLO
2022-09-24 12:01:55 | [INFO]    | Shard 0 : Received READY
2022-09-24 12:01:55 | [ERROR]   | 400 - Bad Request : POST https://discord.com/api/v7/applications/928677323782361128/guilds/802914516542554153/commands
2022-09-24 12:04:39 | [INFO]    | Discordia 2.9.2
2022-09-24 12:04:39 | [INFO]    | Connecting to Discord...
2022-09-24 12:04:39 | [INFO]    | Authenticated as Coordinates#4151
2022-09-24 12:04:39 | [INFO]    | Launching shard 0 (1 out of 1)...
2022-09-24 12:04:39 | [INFO]    | Shard 0 : Connected to wss://gateway.discord.gg
2022-09-24 12:04:39 | [INFO]    | Shard 0 : Received HELLO
2022-09-24 12:04:39 | [INFO]    | Shard 0 : Received READY
2022-09-24 12:04:40 | [ERROR]   | 400 - Bad Request : POST https://discord.com/api/v7/applications/928677323782361128/guilds/802914516542554153/commands
2022-09-24 12:05:43 | [INFO]    | Discordia 2.9.2
2022-09-24 12:05:43 | [INFO]    | Connecting to Discord...
2022-09-24 12:05:44 | [INFO]    | Authenticated as Coordinates#4151
2022-09-24 12:05:44 | [INFO]    | Launching shard 0 (1 out of 1)...
2022-09-24 12:05:44 | [INFO]    | Shard 0 : Connected to wss://gateway.discord.gg
2022-09-24 12:05:44 | [INFO]    | Shard 0 : Received HELLO
2022-09-24 12:05:44 | [INFO]    | Shard 0 : Received READY
2022-09-24 12:05:44 | [ERROR]   | 400 - Bad Request : POST https://discord.com/api/v7/applications/928677323782361128/guilds/802914516542554153/commands
2022-09-24 12:07:51 | [INFO]    | Discordia 2.9.2
2022-09-24 12:07:51 | [INFO]    | Connecting to Discord...
2022-09-24 12:07:51 | [INFO]    | Authenticated as Coordinates#4151
2022-09-24 12:07:51 | [INFO]    | Launching shard 0 (1 out of 1)...
2022-09-24 12:07:51 | [INFO]    | Shard 0 : Connected to wss://gateway.discord.gg
2022-09-24 12:07:51 | [INFO]    | Shard 0 : Received HELLO
2022-09-24 12:07:52 | [INFO]    | Shard 0 : Received READY
2022-09-24 12:08:19 | [INFO]    | Discordia 2.9.2
2022-09-24 12:08:19 | [INFO]    | Connecting to Discord...
2022-09-24 12:08:19 | [INFO]    | Authenticated as Coordinates#4151
2022-09-24 12:08:19 | [INFO]    | Launching shard 0 (1 out of 1)...
2022-09-24 12:08:19 | [INFO]    | Shard 0 : Connected to wss://gateway.discord.gg
2022-09-24 12:08:19 | [INFO]    | Shard 0 : Received HELLO
2022-09-24 12:08:20 | [INFO]    | Shard 0 : Received READY
2022-09-24 12:08:21 | [ERROR]   | 400 - Bad Request : POST https://discord.com/api/v7/applications/928677323782361128/guilds/802914516542554153/commands
2022-09-24 12:13:16 | [INFO]    | Discordia 2.9.2
2022-09-24 12:13:16 | [INFO]    | Connecting to Discord...
2022-09-24 12:13:16 | [INFO]    | Authenticated as 35th's Quartermaster#9830
2022-09-24 12:13:17 | [INFO]    | Launching shard 0 (1 out of 1)...
2022-09-24 12:13:17 | [INFO]    | Shard 0 : Connected to wss://gateway.discord.gg
2022-09-24 12:13:17 | [INFO]    | Shard 0 : Received HELLO
2022-09-24 12:13:17 | [INFO]    | Shard 0 : Received READY
2022-09-24 12:26:30 | [WARNING] | Shard 0 : Unhandled gateway event: THREAD_LIST_SYNC
2022-09-24 12:27:10 | [INFO]    | Discordia 2.9.2
2022-09-24 12:27:10 | [INFO]    | Connecting to Discord...
2022-09-24 12:27:10 | [INFO]    | Authenticated as 35th's Quartermaster#9830
2022-09-24 12:27:10 | [INFO]    | Launching shard 0 (1 out of 1)...
2022-09-24 12:27:11 | [INFO]    | Shard 0 : Connected to wss://gateway.discord.gg
2022-09-24 12:27:11 | [INFO]    | Shard 0 : Received HELLO
2022-09-24 12:27:11 | [INFO]    | Shard 0 : Received READY
2022-09-24 12:30:14 | [INFO]    | Discordia 2.9.2
2022-09-24 12:30:14 | [INFO]    | Connecting to Discord...
2022-09-24 12:30:14 | [INFO]    | Authenticated as 35th's Quartermaster#9830
2022-09-24 12:30:14 | [INFO]    | Launching shard 0 (1 out of 1)...
2022-09-24 12:30:14 | [INFO]    | Shard 0 : Connected to wss://gateway.discord.gg
2022-09-24 12:30:14 | [INFO]    | Shard 0 : Received HELLO
2022-09-24 12:30:15 | [INFO]    | Shard 0 : Received READY
2022-09-24 12:31:11 | [INFO]    | Discordia 2.9.2
2022-09-24 12:31:11 | [INFO]    | Connecting to Discord...
2022-09-24 12:31:11 | [INFO]    | Authenticated as 35th's Quartermaster#9830
2022-09-24 12:31:11 | [INFO]    | Launching shard 0 (1 out of 1)...
2022-09-24 12:31:11 | [INFO]    | Shard 0 : Connected to wss://gateway.discord.gg
2022-09-24 12:31:11 | [INFO]    | Shard 0 : Received HELLO
2022-09-24 12:31:12 | [INFO]    | Shard 0 : Received READY
2022-09-24 12:31:13 | [ERROR]   | 400 - Bad Request : POST https://discord.com/api/v7/applications/930279971983880203/guilds/641329842058428416/commands
2022-09-24 12:31:14 | [ERROR]   | 400 - Bad Request : POST https://discord.com/api/v7/applications/930279971983880203/guilds/802914516542554153/commands
2022-09-24 12:31:29 | [INFO]    | Discordia 2.9.2
2022-09-24 12:31:29 | [INFO]    | Connecting to Discord...
2022-09-24 12:31:29 | [INFO]    | Authenticated as 35th's Quartermaster#9830
2022-09-24 12:31:29 | [INFO]    | Launching shard 0 (1 out of 1)...
2022-09-24 12:31:29 | [INFO]    | Shard 0 : Connected to wss://gateway.discord.gg
2022-09-24 12:31:29 | [INFO]    | Shard 0 : Received HELLO
2022-09-24 12:31:30 | [INFO]    | Shard 0 : Received READY
2022-09-24 12:31:33 | [ERROR]   | 400 - Bad Request : POST https://discord.com/api/v7/applications/930279971983880203/guilds/802914516542554153/commands
2022-09-24 12:31:34 | [ERROR]   | 400 - Bad Request : POST https://discord.com/api/v7/applications/930279971983880203/guilds/641329842058428416/commands
2022-09-24 12:31:45 | [INFO]    | Discordia 2.9.2
2022-09-24 12:31:45 | [INFO]    | Connecting to Discord...
2022-09-24 12:31:46 | [INFO]    | Authenticated as 35th's Quartermaster#9830
2022-09-24 12:31:46 | [INFO]    | Launching shard 0 (1 out of 1)...
2022-09-24 12:31:46 | [INFO]    | Shard 0 : Connected to wss://gateway.discord.gg
2022-09-24 12:31:46 | [INFO]    | Shard 0 : Received HELLO
2022-09-24 12:31:46 | [INFO]    | Shard 0 : Received READY
2022-09-24 12:31:54 | [ERROR]   | 400 - Bad Request : POST https://discord.com/api/v7/applications/930279971983880203/guilds/641329842058428416/commands
2022-09-24 12:31:55 | [ERROR]   | 400 - Bad Request : POST https://discord.com/api/v7/applications/930279971983880203/guilds/802914516542554153/commands
2022-09-24 12:31:58 | [INFO]    | Discordia 2.9.2
2022-09-24 12:31:58 | [INFO]    | Connecting to Discord...
2022-09-24 12:31:58 | [INFO]    | Authenticated as 35th's Quartermaster#9830
2022-09-24 12:31:58 | [INFO]    | Launching shard 0 (1 out of 1)...
2022-09-24 12:31:59 | [INFO]    | Shard 0 : Connected to wss://gateway.discord.gg
2022-09-24 12:31:59 | [INFO]    | Shard 0 : Received HELLO
2022-09-24 12:31:59 | [INFO]    | Shard 0 : Received READY
2022-09-24 12:32:14 | [ERROR]   | 400 - Bad Request : POST https://discord.com/api/v7/applications/930279971983880203/guilds/802914516542554153/commands
2022-09-24 12:32:15 | [ERROR]   | 400 - Bad Request : POST https://discord.com/api/v7/applications/930279971983880203/guilds/641329842058428416/commands
2022-09-24 12:37:44 | [INFO]    | Discordia 2.9.2
2022-09-24 12:37:44 | [INFO]    | Connecting to Discord...
2022-09-24 12:37:45 | [INFO]    | Authenticated as 35th's Quartermaster#9830
2022-09-24 12:37:45 | [INFO]    | Launching shard 0 (1 out of 1)...
2022-09-24 12:37:45 | [INFO]    | Shard 0 : Connected to wss://gateway.discord.gg
2022-09-24 12:37:45 | [INFO]    | Shard 0 : Received HELLO
2022-09-24 12:37:45 | [INFO]    | Shard 0 : Received READY
2022-09-24 12:37:46 | [ERROR]   | 400 - Bad Request : POST https://discord.com/api/v7/applications/930279971983880203/guilds/641329842058428416/commands
2022-09-24 12:37:47 | [ERROR]   | 400 - Bad Request : POST https://discord.com/api/v7/applications/930279971983880203/guilds/802914516542554153/commands
2022-09-24 12:39:05 | [INFO]    | Discordia 2.9.2
2022-09-24 12:39:05 | [INFO]    | Connecting to Discord...
2022-09-24 12:39:05 | [INFO]    | Authenticated as 35th's Quartermaster#9830
2022-09-24 12:39:05 | [INFO]    | Launching shard 0 (1 out of 1)...
2022-09-24 12:39:05 | [INFO]    | Shard 0 : Connected to wss://gateway.discord.gg
2022-09-24 12:39:05 | [INFO]    | Shard 0 : Received HELLO
2022-09-24 12:39:05 | [INFO]    | Shard 0 : Received READY
2022-09-24 12:39:06 | [ERROR]   | 400 - Bad Request : POST https://discord.com/api/v7/applications/930279971983880203/guilds/802914516542554153/commands
2022-09-24 12:39:07 | [ERROR]   | 400 - Bad Request : POST https://discord.com/api/v7/applications/930279971983880203/guilds/641329842058428416/commands
2022-09-24 12:40:52 | [INFO]    | Discordia 2.9.2
2022-09-24 12:40:52 | [INFO]    | Connecting to Discord...
2022-09-24 12:40:53 | [INFO]    | Authenticated as 35th's Quartermaster#9830
2022-09-24 12:40:53 | [INFO]    | Launching shard 0 (1 out of 1)...
2022-09-24 12:40:53 | [INFO]    | Shard 0 : Connected to wss://gateway.discord.gg
2022-09-24 12:40:53 | [INFO]    | Shard 0 : Received HELLO
2022-09-24 12:40:53 | [INFO]    | Shard 0 : Received READY
2022-09-24 12:40:54 | [ERROR]   | 400 - Bad Request : POST https://discord.com/api/v7/applications/930279971983880203/guilds/802914516542554153/commands
2022-09-24 12:40:55 | [ERROR]   | 400 - Bad Request : POST https://discord.com/api/v7/applications/930279971983880203/guilds/641329842058428416/commands
2022-09-24 13:21:25 | [WARNING] | Uncached TextChannel (922459407084838942) on MESSAGE_CREATE
2022-09-24 13:37:12 | [INFO]    | Shard 0 : Discord has requested a reconnection
2022-09-24 13:37:12 | [INFO]    | Shard 0 : Disconnected
2022-09-24 13:37:12 | [INFO]    | Shard 0 : Reconnecting...
2022-09-24 13:37:12 | [INFO]    | Shard 0 : Connected to wss://gateway.discord.gg
2022-09-24 13:37:12 | [INFO]    | Shard 0 : Received HELLO
2022-09-24 13:37:12 | [INFO]    | Shard 0 : Received RESUMED
2022-09-24 13:49:16 | [WARNING] | Shard 0 : Unhandled gateway event: GUILD_SCHEDULED_EVENT_UPDATE
2022-09-24 13:57:58 | [WARNING] | Uncached TextChannel (1010935245886992464) on MESSAGE_CREATE
2022-09-24 13:58:18 | [WARNING] | Uncached TextChannel (1010652901942755520) on MESSAGE_CREATE
2022-09-24 14:14:43 | [WARNING] | Uncached TextChannel (922605678462390312) on MESSAGE_CREATE
2022-09-24 14:23:10 | [WARNING] | Shard 0 : Unhandled gateway event: STAGE_INSTANCE_CREATE
2022-09-24 14:23:36 | [WARNING] | Shard 0 : Unhandled gateway event: STAGE_INSTANCE_CREATE
2022-09-24 14:26:06 | [WARNING] | Shard 0 : Unhandled gateway event: STAGE_INSTANCE_CREATE
2022-09-24 14:26:46 | [WARNING] | Unhandled CHANNEL_UPDATE (type 13)
2022-09-24 14:26:50 | [WARNING] | Unhandled CHANNEL_UPDATE (type 13)
2022-09-24 14:27:23 | [WARNING] | Shard 0 : Unhandled gateway event: STAGE_INSTANCE_UPDATE
2022-09-24 14:31:02 | [WARNING] | Shard 0 : Unhandled gateway event: STAGE_INSTANCE_CREATE
2022-09-24 15:40:06 | [WARNING] | Shard 0 : Unhandled gateway event: STAGE_INSTANCE_DELETE
2022-09-24 15:40:25 | [WARNING] | Shard 0 : Unhandled gateway event: STAGE_INSTANCE_DELETE
2022-09-24 15:40:57 | [WARNING] | Shard 0 : Unhandled gateway event: STAGE_INSTANCE_DELETE
2022-09-24 15:40:59 | [WARNING] | Shard 0 : Unhandled gateway event: STAGE_INSTANCE_DELETE
2022-09-24 15:59:52 | [WARNING] | Uncached TextChannel (922459407084838942) on MESSAGE_CREATE
2022-10-23 16:33:07 | [INFO]    | Discordia 2.9.2
2022-10-23 16:33:07 | [INFO]    | Connecting to Discord...
2022-10-23 16:33:07 | [ERROR]   | 401 - Unauthorized : GET https://discord.com/api/v7/users/@me
2022-10-23 16:33:07 | [ERROR]   | Could not authenticate, check token: HTTP Error 0 : 401: Unauthorized
2022-10-23 16:33:53 | [INFO]    | Discordia 2.9.2
2022-10-23 16:33:53 | [INFO]    | Connecting to Discord...
2022-10-23 16:33:54 | [INFO]    | Authenticated as Ink#3645
2022-10-23 16:33:54 | [INFO]    | Launching shard 0 (1 out of 1)...
2022-10-23 16:33:54 | [INFO]    | Shard 0 : Connected to wss://gateway.discord.gg
2022-10-23 16:33:54 | [INFO]    | Shard 0 : Received HELLO
2022-10-23 16:33:54 | [INFO]    | Shard 0 : Received READY
2022-10-24 18:34:45 | [INFO]    | Discordia 2.9.2
2022-10-24 18:34:45 | [INFO]    | Connecting to Discord...
2022-10-24 18:34:45 | [INFO]    | Authenticated as Ink#3645
2022-10-24 18:34:45 | [INFO]    | Launching shard 0 (1 out of 1)...
2022-10-24 18:34:45 | [INFO]    | Shard 0 : Connected to wss://gateway.discord.gg
2022-10-24 18:34:45 | [INFO]    | Shard 0 : Received HELLO
2022-10-24 18:34:45 | [INFO]    | Shard 0 : Received READY
2022-10-24 18:39:39 | [INFO]    | Discordia 2.9.2
2022-10-24 18:39:39 | [INFO]    | Connecting to Discord...
2022-10-24 18:39:39 | [INFO]    | Authenticated as Ink#3645
2022-10-24 18:39:39 | [INFO]    | Launching shard 0 (1 out of 1)...
2022-10-24 18:39:39 | [INFO]    | Shard 0 : Connected to wss://gateway.discord.gg
2022-10-24 18:39:39 | [INFO]    | Shard 0 : Received HELLO
2022-10-24 18:39:40 | [INFO]    | Shard 0 : Received READY
2022-10-24 18:40:13 | [INFO]    | Discordia 2.9.2
2022-10-24 18:40:13 | [INFO]    | Connecting to Discord...
2022-10-24 18:40:14 | [INFO]    | Authenticated as Ink#3645
2022-10-24 18:40:14 | [INFO]    | Launching shard 0 (1 out of 1)...
2022-10-24 18:40:14 | [INFO]    | Shard 0 : Connected to wss://gateway.discord.gg
2022-10-24 18:40:14 | [INFO]    | Shard 0 : Received HELLO
2022-10-24 18:40:14 | [INFO]    | Shard 0 : Received READY
2022-10-24 18:41:00 | [INFO]    | Discordia 2.9.2
2022-10-24 18:41:00 | [INFO]    | Connecting to Discord...
2022-10-24 18:41:00 | [INFO]    | Authenticated as Ink#3645
2022-10-24 18:41:00 | [INFO]    | Launching shard 0 (1 out of 1)...
2022-10-24 18:41:00 | [INFO]    | Shard 0 : Connected to wss://gateway.discord.gg
2022-10-24 18:41:00 | [INFO]    | Shard 0 : Received HELLO
2022-10-24 18:41:00 | [INFO]    | Shard 0 : Received READY
2022-10-24 19:09:31 | [INFO]    | Shard 0 : Discord has requested a reconnection
2022-10-24 19:09:31 | [INFO]    | Shard 0 : Disconnected
2022-10-24 19:09:31 | [INFO]    | Shard 0 : Reconnecting...
2022-10-24 19:09:31 | [INFO]    | Shard 0 : Connected to wss://gateway.discord.gg
2022-10-24 19:09:31 | [INFO]    | Shard 0 : Received HELLO
2022-10-24 19:09:31 | [INFO]    | Shard 0 : Received RESUMED
2022-10-24 20:08:13 | [WARNING] | Shard 0 : 1000 - Connection closed
2022-10-24 20:08:13 | [INFO]    | Shard 0 : Disconnected
2022-10-24 20:08:13 | [INFO]    | Shard 0 : Reconnecting after 1085 ms...
2022-10-24 20:08:16 | [INFO]    | Shard 0 : Connected to wss://gateway.discord.gg
2022-10-24 20:08:16 | [INFO]    | Shard 0 : Received HELLO
2022-10-24 20:08:16 | [INFO]    | Shard 0 : Received RESUMED
2022-11-13 17:55:42 | [INFO]    | Discordia 2.9.2
2022-11-13 17:55:42 | [INFO]    | Connecting to Discord...
2022-11-13 17:55:43 | [ERROR]   | 401 - Unauthorized : GET https://discord.com/api/v7/users/@me
2022-11-13 17:55:43 | [ERROR]   | Could not authenticate, check token: HTTP Error 0 : 401: Unauthorized
2022-11-13 17:55:44 | [INFO]    | Discordia 2.9.2
2022-11-13 17:55:44 | [INFO]    | Connecting to Discord...
2022-11-13 17:55:44 | [ERROR]   | 401 - Unauthorized : GET https://discord.com/api/v7/users/@me
2022-11-13 17:55:44 | [ERROR]   | Could not authenticate, check token: HTTP Error 0 : 401: Unauthorized
